[2021-07-14 13:29:45] local.ERROR: Too few arguments to function Illuminate\Routing\RouteFileRegistrar::{closure}(), 0 passed in /home/mohamed/coding-test/vendor/laravel/framework/src/Illuminate/Routing/Route.php on line 205 and exactly 1 expected {"userId":10,"exception":"[object] (Symfony\\Component\\Debug\\Exception\\FatalThrowableError(code: 0): Too few arguments to function Illuminate\\Routing\\RouteFileRegistrar::{closure}(), 0 passed in /home/mohamed/coding-test/vendor/laravel/framework/src/Illuminate/Routing/Route.php on line 205 and exactly 1 expected at /home/mohamed/coding-test/routes/web.php:24)
[stacktrace]
#0 /home/mohamed/coding-test/vendor/laravel/framework/src/Illuminate/Routing/Route.php(205): Illuminate\\Routing\\RouteFileRegistrar->{closure}()
#1 /home/mohamed/coding-test/vendor/laravel/framework/src/Illuminate/Routing/Route.php(179): Illuminate\\Routing\\Route->runCallable()
#2 /home/mohamed/coding-test/vendor/laravel/framework/src/Illuminate/Routing/Router.php(681): Illuminate\\Routing\\Route->run()
#3 /home/mohamed/coding-test/vendor/laravel/framework/src/Illuminate/Pipeline/Pipeline.php(130): Illuminate\\Routing\\Router->Illuminate\\Routing\\{closure}()
#4 /home/mohamed/coding-test/vendor/laravel/framework/src/Illuminate/Routing/Middleware/SubstituteBindings.php(41): Illuminate\\Pipeline\\Pipeline->Illuminate\\Pipeline\\{closure}()
#5 /home/mohamed/coding-test/vendor/laravel/framework/src/Illuminate/Pipeline/Pipeline.php(171): Illuminate\\Routing\\Middleware\\SubstituteBindings->handle()
#6 /home/mohamed/coding-test/vendor/laravel/framework/src/Illuminate/Foundation/Http/Middleware/VerifyCsrfToken.php(78): Illuminate\\Pipeline\\Pipeline->Illuminate\\Pipeline\\{closure}()
#7 /home/mohamed/coding-test/vendor/laravel/framework/src/Illuminate/Pipeline/Pipeline.php(171): Illuminate\\Foundation\\Http\\Middleware\\VerifyCsrfToken->handle()
#8 /home/mohamed/coding-test/vendor/laravel/framework/src/Illuminate/View/Middleware/ShareErrorsFromSession.php(49): Illuminate\\Pipeline\\Pipeline->Illuminate\\Pipeline\\{closure}()
#9 /home/mohamed/coding-test/vendor/laravel/framework/src/Illuminate/Pipeline/Pipeline.php(171): Illuminate\\View\\Middleware\\ShareErrorsFromSession->handle()
#10 /home/mohamed/coding-test/vendor/laravel/framework/src/Illuminate/Session/Middleware/StartSession.php(56): Illuminate\\Pipeline\\Pipeline->Illuminate\\Pipeline\\{closure}()
#11 /home/mohamed/coding-test/vendor/laravel/framework/src/Illuminate/Pipeline/Pipeline.php(171): Illuminate\\Session\\Middleware\\StartSession->handle()
#12 /home/mohamed/coding-test/vendor/laravel/framework/src/Illuminate/Cookie/Middleware/AddQueuedCookiesToResponse.php(37): Illuminate\\Pipeline\\Pipeline->Illuminate\\Pipeline\\{closure}()
#13 /home/mohamed/coding-test/vendor/laravel/framework/src/Illuminate/Pipeline/Pipeline.php(171): Illuminate\\Cookie\\Middleware\\AddQueuedCookiesToResponse->handle()
#14 /home/mohamed/coding-test/vendor/laravel/framework/src/Illuminate/Cookie/Middleware/EncryptCookies.php(67): Illuminate\\Pipeline\\Pipeline->Illuminate\\Pipeline\\{closure}()
#15 /home/mohamed/coding-test/vendor/laravel/framework/src/Illuminate/Pipeline/Pipeline.php(171): Illuminate\\Cookie\\Middleware\\EncryptCookies->handle()
#16 /home/mohamed/coding-test/vendor/laravel/framework/src/Illuminate/Pipeline/Pipeline.php(105): Illuminate\\Pipeline\\Pipeline->Illuminate\\Pipeline\\{closure}()
#17 /home/mohamed/coding-test/vendor/laravel/framework/src/Illuminate/Routing/Router.php(683): Illuminate\\Pipeline\\Pipeline->then()
#18 /home/mohamed/coding-test/vendor/laravel/framework/src/Illuminate/Routing/Router.php(658): Illuminate\\Routing\\Router->runRouteWithinStack()
#19 /home/mohamed/coding-test/vendor/laravel/framework/src/Illuminate/Routing/Router.php(624): Illuminate\\Routing\\Router->runRoute()
#20 /home/mohamed/coding-test/vendor/laravel/framework/src/Illuminate/Routing/Router.php(613): Illuminate\\Routing\\Router->dispatchToRoute()
#21 /home/mohamed/coding-test/vendor/laravel/framework/src/Illuminate/Foundation/Http/Kernel.php(170): Illuminate\\Routing\\Router->dispatch()
#22 /home/mohamed/coding-test/vendor/laravel/framework/src/Illuminate/Pipeline/Pipeline.php(130): Illuminate\\Foundation\\Http\\Kernel->Illuminate\\Foundation\\Http\\{closure}()
#23 /home/mohamed/coding-test/vendor/laravel/framework/src/Illuminate/Foundation/Http/Middleware/TransformsRequest.php(21): Illuminate\\Pipeline\\Pipeline->Illuminate\\Pipeline\\{closure}()
#24 /home/mohamed/coding-test/vendor/laravel/framework/src/Illuminate/Pipeline/Pipeline.php(171): Illuminate\\Foundation\\Http\\Middleware\\TransformsRequest->handle()
#25 /home/mohamed/coding-test/vendor/laravel/framework/src/Illuminate/Foundation/Http/Middleware/TransformsRequest.php(21): Illuminate\\Pipeline\\Pipeline->Illuminate\\Pipeline\\{closure}()
#26 /home/mohamed/coding-test/vendor/laravel/framework/src/Illuminate/Pipeline/Pipeline.php(171): Illuminate\\Foundation\\Http\\Middleware\\TransformsRequest->handle()
#27 /home/mohamed/coding-test/vendor/laravel/framework/src/Illuminate/Foundation/Http/Middleware/ValidatePostSize.php(27): Illuminate\\Pipeline\\Pipeline->Illuminate\\Pipeline\\{closure}()
#28 /home/mohamed/coding-test/vendor/laravel/framework/src/Illuminate/Pipeline/Pipeline.php(171): Illuminate\\Foundation\\Http\\Middleware\\ValidatePostSize->handle()
#29 /home/mohamed/coding-test/vendor/laravel/framework/src/Illuminate/Foundation/Http/Middleware/CheckForMaintenanceMode.php(63): Illuminate\\Pipeline\\Pipeline->Illuminate\\Pipeline\\{closure}()
#30 /home/mohamed/coding-test/vendor/laravel/framework/src/Illuminate/Pipeline/Pipeline.php(171): Illuminate\\Foundation\\Http\\Middleware\\CheckForMaintenanceMode->handle()
#31 /home/mohamed/coding-test/vendor/fideloper/proxy/src/TrustProxies.php(57): Illuminate\\Pipeline\\Pipeline->Illuminate\\Pipeline\\{closure}()
#32 /home/mohamed/coding-test/vendor/laravel/framework/src/Illuminate/Pipeline/Pipeline.php(171): Fideloper\\Proxy\\TrustProxies->handle()
#33 /home/mohamed/coding-test/vendor/laravel/framework/src/Illuminate/Pipeline/Pipeline.php(105): Illuminate\\Pipeline\\Pipeline->Illuminate\\Pipeline\\{closure}()
#34 /home/mohamed/coding-test/vendor/laravel/framework/src/Illuminate/Foundation/Http/Kernel.php(145): Illuminate\\Pipeline\\Pipeline->then()
#35 /home/mohamed/coding-test/vendor/laravel/framework/src/Illuminate/Foundation/Http/Kernel.php(110): Illuminate\\Foundation\\Http\\Kernel->sendRequestThroughRouter()
#36 /home/mohamed/coding-test/public/index.php(55): Illuminate\\Foundation\\Http\\Kernel->handle()
#37 /home/mohamed/coding-test/server.php(21): require_once('/home/mohamed/c...')
#38 {main}
"} 
[2021-07-14 13:32:31] local.ERROR: Not enough arguments (missing: "name"). {"exception":"[object] (Symfony\\Component\\Console\\Exception\\RuntimeException(code: 0): Not enough arguments (missing: \"name\"). at /home/mohamed/coding-test/vendor/symfony/console/Input/Input.php:76)
[stacktrace]
#0 /home/mohamed/coding-test/vendor/symfony/console/Command/Command.php(250): Symfony\\Component\\Console\\Input\\Input->validate()
#1 /home/mohamed/coding-test/vendor/laravel/framework/src/Illuminate/Console/Command.php(121): Symfony\\Component\\Console\\Command\\Command->run()
#2 /home/mohamed/coding-test/vendor/symfony/console/Application.php(1009): Illuminate\\Console\\Command->run()
#3 /home/mohamed/coding-test/vendor/symfony/console/Application.php(273): Symfony\\Component\\Console\\Application->doRunCommand()
#4 /home/mohamed/coding-test/vendor/symfony/console/Application.php(149): Symfony\\Component\\Console\\Application->doRun()
#5 /home/mohamed/coding-test/vendor/laravel/framework/src/Illuminate/Console/Application.php(93): Symfony\\Component\\Console\\Application->run()
#6 /home/mohamed/coding-test/vendor/laravel/framework/src/Illuminate/Foundation/Console/Kernel.php(131): Illuminate\\Console\\Application->run()
#7 /home/mohamed/coding-test/artisan(37): Illuminate\\Foundation\\Console\\Kernel->handle()
#8 {main}
"} 
